[     255ms] [WARNING] WebSocket connection to 'ws://localhost:8080/ws/live' failed: WebSocket is closed before the connection is established. @ http://localhost:5176/src/hooks/useWebSocket.ts:50
[     272ms] [ERROR] Failed to load resource: the server responded with a status of 500 (Internal Server Error) @ http://localhost:5176/api/config:0
[     273ms] [ERROR] Failed to load resource: the server responded with a status of 500 (Internal Server Error) @ http://localhost:5176/api/config:0
[     349ms] [WARNING] WebSocket connection to 'ws://localhost:8080/ws/live' failed: WebSocket is closed before the connection is established. @ http://localhost:5176/src/hooks/useWebSocket.ts:36
[     355ms] [ERROR] Failed to load resource: the server responded with a status of 500 (Internal Server Error) @ http://localhost:5176/api/state:0
[     356ms] [ERROR] Failed to load resource: the server responded with a status of 500 (Internal Server Error) @ http://localhost:5176/api/config:0
[     416ms] [ERROR] Failed to load resource: the server responded with a status of 500 (Internal Server Error) @ http://localhost:5176/api/config:0
[     417ms] [ERROR] Failed to load resource: the server responded with a status of 500 (Internal Server Error) @ http://localhost:5176/api/state:0
[     459ms] TypeError: graphics.fillStyle is not a function
    at OfficeSceneV2.drawOffice (http://localhost:5176/src/game/OfficeSceneV2.ts?t=1772960593573:68:16)
    at OfficeSceneV2.create (http://localhost:5176/src/game/OfficeSceneV2.ts?t=1772960593573:47:10)
    at SceneManager2.create (http://localhost:5176/node_modules/.vite/deps/phaser.js?v=bc337ecb:110813:36)
    at SceneManager2.loadComplete (http://localhost:5176/node_modules/.vite/deps/phaser.js?v=bc337ecb:110744:26)
    at LoaderPlugin2.emit (http://localhost:5176/node_modules/.vite/deps/phaser.js?v=bc337ecb:97:45)
    at LoaderPlugin2.loadComplete (http://localhost:5176/node_modules/.vite/deps/phaser.js?v=bc337ecb:67085:26)
    at LoaderPlugin2.fileProcessComplete (http://localhost:5176/node_modules/.vite/deps/phaser.js?v=bc337ecb:67061:28)
    at ImageFile2.onProcessComplete (http://localhost:5176/node_modules/.vite/deps/phaser.js?v=bc337ecb:66290:33)
    at data.onload (http://localhost:5176/node_modules/.vite/deps/phaser.js?v=bc337ecb:69314:29)
[    2352ms] [ERROR] WebSocket connection to 'ws://localhost:8080/ws/live' failed: Error in connection establishment: net::ERR_CONNECTION_REFUSED @ http://localhost:5176/src/hooks/useWebSocket.ts:12
[    2423ms] [ERROR] WebSocket connection to 'ws://localhost:8080/ws/live' failed: Error in connection establishment: net::ERR_CONNECTION_REFUSED @ http://localhost:5176/src/hooks/useWebSocket.ts:12
[    4356ms] [ERROR] WebSocket connection to 'ws://localhost:8080/ws/live' failed: Error in connection establishment: net::ERR_CONNECTION_REFUSED @ http://localhost:5176/src/hooks/useWebSocket.ts:12
[    4430ms] [ERROR] WebSocket connection to 'ws://localhost:8080/ws/live' failed: Error in connection establishment: net::ERR_CONNECTION_REFUSED @ http://localhost:5176/src/hooks/useWebSocket.ts:12
[    6363ms] [ERROR] WebSocket connection to 'ws://localhost:8080/ws/live' failed: Error in connection establishment: net::ERR_CONNECTION_REFUSED @ http://localhost:5176/src/hooks/useWebSocket.ts:12
[    6437ms] [ERROR] WebSocket connection to 'ws://localhost:8080/ws/live' failed: Error in connection establishment: net::ERR_CONNECTION_REFUSED @ http://localhost:5176/src/hooks/useWebSocket.ts:12
[    8373ms] [ERROR] WebSocket connection to 'ws://localhost:8080/ws/live' failed: Error in connection establishment: net::ERR_CONNECTION_REFUSED @ http://localhost:5176/src/hooks/useWebSocket.ts:12
[    8452ms] [ERROR] WebSocket connection to 'ws://localhost:8080/ws/live' failed: Error in connection establishment: net::ERR_CONNECTION_REFUSED @ http://localhost:5176/src/hooks/useWebSocket.ts:12
[   10393ms] [ERROR] WebSocket connection to 'ws://localhost:8080/ws/live' failed: Error in connection establishment: net::ERR_CONNECTION_REFUSED @ http://localhost:5176/src/hooks/useWebSocket.ts:12
[   10468ms] [ERROR] WebSocket connection to 'ws://localhost:8080/ws/live' failed: Error in connection establishment: net::ERR_CONNECTION_REFUSED @ http://localhost:5176/src/hooks/useWebSocket.ts:12
