[     268ms] [WARNING] WebSocket connection to 'ws://localhost:8080/ws/live' failed: WebSocket is closed before the connection is established. @ http://localhost:5176/src/hooks/useWebSocket.ts:50
[     285ms] [ERROR] Failed to load resource: the server responded with a status of 500 (Internal Server Error) @ http://localhost:5176/api/config:0
[     285ms] [ERROR] Failed to load resource: the server responded with a status of 500 (Internal Server Error) @ http://localhost:5176/api/config:0
[     342ms] [WARNING] WebSocket connection to 'ws://localhost:8080/ws/live' failed: WebSocket is closed before the connection is established. @ http://localhost:5176/src/hooks/useWebSocket.ts:36
[     349ms] [ERROR] Failed to load resource: the server responded with a status of 500 (Internal Server Error) @ http://localhost:5176/api/config:0
[     349ms] [ERROR] Failed to load resource: the server responded with a status of 500 (Internal Server Error) @ http://localhost:5176/api/state:0
[     349ms] [ERROR] Failed to load resource: the server responded with a status of 500 (Internal Server Error) @ http://localhost:5176/api/config:0
[     406ms] [ERROR] Failed to load resource: the server responded with a status of 500 (Internal Server Error) @ http://localhost:5176/api/state:0
[     760ms] [WARNING] Image tile area not tile size multiple in: interiors_pt3 @ http://localhost:5176/node_modules/.vite/deps/phaser.js?v=bc337ecb:128744
[     762ms] [WARNING] Image tile area not tile size multiple in: interiors_pt3 @ http://localhost:5176/node_modules/.vite/deps/phaser.js?v=bc337ecb:128744
[    2352ms] [ERROR] WebSocket connection to 'ws://localhost:8080/ws/live' failed: Error in connection establishment: net::ERR_CONNECTION_REFUSED @ http://localhost:5176/src/hooks/useWebSocket.ts:12
[    2416ms] [ERROR] WebSocket connection to 'ws://localhost:8080/ws/live' failed: Error in connection establishment: net::ERR_CONNECTION_REFUSED @ http://localhost:5176/src/hooks/useWebSocket.ts:12
[    4365ms] [ERROR] WebSocket connection to 'ws://localhost:8080/ws/live' failed: Error in connection establishment: net::ERR_CONNECTION_REFUSED @ http://localhost:5176/src/hooks/useWebSocket.ts:12
[    4425ms] [ERROR] WebSocket connection to 'ws://localhost:8080/ws/live' failed: Error in connection establishment: net::ERR_CONNECTION_REFUSED @ http://localhost:5176/src/hooks/useWebSocket.ts:12
[    6389ms] [ERROR] WebSocket connection to 'ws://localhost:8080/ws/live' failed: Error in connection establishment: net::ERR_CONNECTION_REFUSED @ http://localhost:5176/src/hooks/useWebSocket.ts:12
[    6437ms] [ERROR] WebSocket connection to 'ws://localhost:8080/ws/live' failed: Error in connection establishment: net::ERR_CONNECTION_REFUSED @ http://localhost:5176/src/hooks/useWebSocket.ts:12
[    8417ms] [ERROR] WebSocket connection to 'ws://localhost:8080/ws/live' failed: Error in connection establishment: net::ERR_CONNECTION_REFUSED @ http://localhost:5176/src/hooks/useWebSocket.ts:12
[    8456ms] [ERROR] WebSocket connection to 'ws://localhost:8080/ws/live' failed: Error in connection establishment: net::ERR_CONNECTION_REFUSED @ http://localhost:5176/src/hooks/useWebSocket.ts:12
[   10459ms] [ERROR] WebSocket connection to 'ws://localhost:8080/ws/live' failed: Error in connection establishment: net::ERR_CONNECTION_REFUSED @ http://localhost:5176/src/hooks/useWebSocket.ts:12
[   10459ms] [WARNING] WebSocket connection to 'ws://localhost:8080/ws/live' failed: WebSocket is closed before the connection is established. @ http://localhost:5176/src/hooks/useWebSocket.ts:36
