[     191ms] [WARNING] WebSocket connection to 'ws://localhost:8080/ws/live' failed: WebSocket is closed before the connection is established. @ http://localhost:5176/src/hooks/useWebSocket.ts:50
[     207ms] [ERROR] Failed to load resource: the server responded with a status of 500 (Internal Server Error) @ http://localhost:5176/api/config:0
[     207ms] [ERROR] Failed to load resource: the server responded with a status of 500 (Internal Server Error) @ http://localhost:5176/api/config:0
[     282ms] [WARNING] WebSocket connection to 'ws://localhost:8080/ws/live' failed: WebSocket is closed before the connection is established. @ http://localhost:5176/src/hooks/useWebSocket.ts:36
[     288ms] [ERROR] Failed to load resource: the server responded with a status of 500 (Internal Server Error) @ http://localhost:5176/api/state:0
[     288ms] [ERROR] Failed to load resource: the server responded with a status of 500 (Internal Server Error) @ http://localhost:5176/api/config:0
[     288ms] [ERROR] Failed to load resource: the server responded with a status of 500 (Internal Server Error) @ http://localhost:5176/api/config:0
[     344ms] [ERROR] Failed to load resource: the server responded with a status of 500 (Internal Server Error) @ http://localhost:5176/api/state:0
[    2291ms] [ERROR] WebSocket connection to 'ws://localhost:8080/ws/live' failed: Error in connection establishment: net::ERR_CONNECTION_REFUSED @ http://localhost:5176/src/hooks/useWebSocket.ts:12
[    2366ms] [ERROR] WebSocket connection to 'ws://localhost:8080/ws/live' failed: Error in connection establishment: net::ERR_CONNECTION_REFUSED @ http://localhost:5176/src/hooks/useWebSocket.ts:12
[    4325ms] [ERROR] WebSocket connection to 'ws://localhost:8080/ws/live' failed: Error in connection establishment: net::ERR_CONNECTION_REFUSED @ http://localhost:5176/src/hooks/useWebSocket.ts:12
[    4399ms] [ERROR] WebSocket connection to 'ws://localhost:8080/ws/live' failed: Error in connection establishment: net::ERR_CONNECTION_REFUSED @ http://localhost:5176/src/hooks/useWebSocket.ts:12
[    6353ms] [ERROR] WebSocket connection to 'ws://localhost:8080/ws/live' failed: Error in connection establishment: net::ERR_CONNECTION_REFUSED @ http://localhost:5176/src/hooks/useWebSocket.ts:12
[    6441ms] [ERROR] WebSocket connection to 'ws://localhost:8080/ws/live' failed: Error in connection establishment: net::ERR_CONNECTION_REFUSED @ http://localhost:5176/src/hooks/useWebSocket.ts:12
[    8389ms] [ERROR] WebSocket connection to 'ws://localhost:8080/ws/live' failed: Error in connection establishment: net::ERR_CONNECTION_REFUSED @ http://localhost:5176/src/hooks/useWebSocket.ts:12
[    8519ms] [ERROR] WebSocket connection to 'ws://localhost:8080/ws/live' failed: Error in connection establishment: net::ERR_CONNECTION_REFUSED @ http://localhost:5176/src/hooks/useWebSocket.ts:12
[   10468ms] [ERROR] WebSocket connection to 'ws://localhost:8080/ws/live' failed: Error in connection establishment: net::ERR_CONNECTION_REFUSED @ http://localhost:5176/src/hooks/useWebSocket.ts:12
[   10586ms] [ERROR] WebSocket connection to 'ws://localhost:8080/ws/live' failed: Error in connection establishment: net::ERR_CONNECTION_REFUSED @ http://localhost:5176/src/hooks/useWebSocket.ts:12
[  154301ms] [WARNING] WebSocket connection to 'ws://localhost:8080/ws/live' failed: WebSocket is closed before the connection is established. @ http://localhost:5176/src/hooks/useWebSocket.ts:50
[  154321ms] [WARNING] WebSocket connection to 'ws://localhost:8080/ws/live' failed: WebSocket is closed before the connection is established. @ http://localhost:5176/src/hooks/useWebSocket.ts:36
[  154494ms] [ERROR] Failed to load resource: the server responded with a status of 500 (Internal Server Error) @ http://localhost:5176/api/config:0
[  154494ms] [ERROR] Failed to load resource: the server responded with a status of 500 (Internal Server Error) @ http://localhost:5176/api/state:0
[  154494ms] [ERROR] Failed to load resource: the server responded with a status of 500 (Internal Server Error) @ http://localhost:5176/api/config:0
[  154495ms] [ERROR] Failed to load resource: the server responded with a status of 500 (Internal Server Error) @ http://localhost:5176/api/state:0
[  154497ms] [ERROR] Failed to load resource: the server responded with a status of 500 (Internal Server Error) @ http://localhost:5176/api/config:0
[  154543ms] [ERROR] Failed to load resource: the server responded with a status of 500 (Internal Server Error) @ http://localhost:5176/api/config:0
[  156323ms] [ERROR] WebSocket connection to 'ws://localhost:8080/ws/live' failed: Error in connection establishment: net::ERR_CONNECTION_REFUSED @ http://localhost:5176/src/hooks/useWebSocket.ts:12
[  156492ms] [ERROR] WebSocket connection to 'ws://localhost:8080/ws/live' failed: Error in connection establishment: net::ERR_CONNECTION_REFUSED @ http://localhost:5176/src/hooks/useWebSocket.ts:12
[  158329ms] [ERROR] WebSocket connection to 'ws://localhost:8080/ws/live' failed: Error in connection establishment: net::ERR_CONNECTION_REFUSED @ http://localhost:5176/src/hooks/useWebSocket.ts:12
[  158500ms] [ERROR] WebSocket connection to 'ws://localhost:8080/ws/live' failed: Error in connection establishment: net::ERR_CONNECTION_REFUSED @ http://localhost:5176/src/hooks/useWebSocket.ts:12
[  160337ms] [ERROR] WebSocket connection to 'ws://localhost:8080/ws/live' failed: Error in connection establishment: net::ERR_CONNECTION_REFUSED @ http://localhost:5176/src/hooks/useWebSocket.ts:12
[  160513ms] [ERROR] WebSocket connection to 'ws://localhost:8080/ws/live' failed: Error in connection establishment: net::ERR_CONNECTION_REFUSED @ http://localhost:5176/src/hooks/useWebSocket.ts:12
[  162346ms] [ERROR] WebSocket connection to 'ws://localhost:8080/ws/live' failed: Error in connection establishment: net::ERR_CONNECTION_REFUSED @ http://localhost:5176/src/hooks/useWebSocket.ts:12
[  162522ms] [ERROR] WebSocket connection to 'ws://localhost:8080/ws/live' failed: Error in connection establishment: net::ERR_CONNECTION_REFUSED @ http://localhost:5176/src/hooks/useWebSocket.ts:12
[  164365ms] [ERROR] WebSocket connection to 'ws://localhost:8080/ws/live' failed: Error in connection establishment: net::ERR_CONNECTION_REFUSED @ http://localhost:5176/src/hooks/useWebSocket.ts:12
[  164535ms] [ERROR] WebSocket connection to 'ws://localhost:8080/ws/live' failed: Error in connection establishment: net::ERR_CONNECTION_REFUSED @ http://localhost:5176/src/hooks/useWebSocket.ts:12
